[debug] [2026-03-05T12:59:12.060Z] ----------------------------------------------------------------------
[debug] [2026-03-05T12:59:12.062Z] Command:       C:\Program Files\nodejs\node.exe C:\Program Files\nodejs\node_modules\firebase-tools\lib\bin\firebase.js emulators:start --only firestore auth --debug
[debug] [2026-03-05T12:59:12.062Z] CLI Version:   14.4.0
[debug] [2026-03-05T12:59:12.063Z] Platform:      win32
[debug] [2026-03-05T12:59:12.063Z] Node Version:  v22.15.1
[debug] [2026-03-05T12:59:12.063Z] Time:          Thu Mar 05 2026 14:59:12 GMT+0200 (Eastern European Standard Time)
[debug] [2026-03-05T12:59:12.063Z] ----------------------------------------------------------------------
[debug] 
[debug] [2026-03-05T12:59:12.230Z] > command requires scopes: ["email","openid","https://www.googleapis.com/auth/cloudplatformprojects.readonly","https://www.googleapis.com/auth/firebase","https://www.googleapis.com/auth/cloud-platform"]
[debug] [2026-03-05T12:59:12.231Z] > authorizing via signed-in user (teemu@pirkanmaanpelastuskoirat.fi)
[debug] [2026-03-05T12:59:12.249Z] Could not find VSCode notification endpoint: FetchError: request to http://localhost:40001/vscode/notify failed, reason: . If you are not running the Firebase Data Connect VSCode extension, this is expected and not an issue.
[info] i  emulators: Shutting down emulators. {"metadata":{"emulator":{"name":"hub"},"message":"Shutting down emulators."}}
[debug] [2026-03-05T12:59:12.252Z] Could not find VSCode notification endpoint: FetchError: request to http://localhost:40001/vscode/notify failed, reason: . If you are not running the Firebase Data Connect VSCode extension, this is expected and not an issue.
[error] 
[error] Error: No emulators to start, run firebase init emulators to get started.
[debug] [2026-03-05T13:00:14.728Z] ----------------------------------------------------------------------
[debug] [2026-03-05T13:00:14.732Z] Command:       C:\Program Files\nodejs\node.exe C:\Program Files\nodejs\node_modules\firebase-tools\lib\bin\firebase.js emulators:start --debug
[debug] [2026-03-05T13:00:14.732Z] CLI Version:   14.4.0
[debug] [2026-03-05T13:00:14.733Z] Platform:      win32
[debug] [2026-03-05T13:00:14.733Z] Node Version:  v22.15.1
[debug] [2026-03-05T13:00:14.733Z] Time:          Thu Mar 05 2026 15:00:14 GMT+0200 (Eastern European Standard Time)
[debug] [2026-03-05T13:00:14.733Z] ----------------------------------------------------------------------
[debug] 
[debug] [2026-03-05T13:00:14.960Z] > command requires scopes: ["email","openid","https://www.googleapis.com/auth/cloudplatformprojects.readonly","https://www.googleapis.com/auth/firebase","https://www.googleapis.com/auth/cloud-platform"]
[debug] [2026-03-05T13:00:14.961Z] > authorizing via signed-in user (teemu@pirkanmaanpelastuskoirat.fi)
[debug] [2026-03-05T13:00:15.120Z] openjdk version "21.0.8" 2025-07-15

[debug] [2026-03-05T13:00:15.120Z] OpenJDK Runtime Environment (build 21.0.8+-14196175-b1038.72)
OpenJDK 64-Bit Server VM (build 21.0.8+-14196175-b1038.72, mixed mode)

[debug] [2026-03-05T13:00:15.145Z] Parsed Java major version: 21
[info] i  emulators: Starting emulators: auth, functions, firestore, hosting, extensions {"metadata":{"emulator":{"name":"hub"},"message":"Starting emulators: auth, functions, firestore, hosting, extensions"}}
[debug] [2026-03-05T13:00:15.149Z] No OAuth tokens found
[debug] [2026-03-05T13:00:15.149Z] No OAuth tokens found
[debug] [2026-03-05T13:00:15.150Z] > refreshing access token with scopes: []
[debug] [2026-03-05T13:00:15.152Z] >>> [apiv2][query] POST https://www.googleapis.com/oauth2/v3/token [none]
[debug] [2026-03-05T13:00:15.152Z] >>> [apiv2][body] POST https://www.googleapis.com/oauth2/v3/token [omitted]
[debug] [2026-03-05T13:00:15.317Z] <<< [apiv2][status] POST https://www.googleapis.com/oauth2/v3/token 200
[debug] [2026-03-05T13:00:15.317Z] <<< [apiv2][body] POST https://www.googleapis.com/oauth2/v3/token [omitted]
[debug] [2026-03-05T13:00:15.325Z] >>> [apiv2][query] GET https://serviceusage.googleapis.com/v1/projects/peko-tilastointi/services/cloudresourcemanager.googleapis.com [none]
[debug] [2026-03-05T13:00:15.325Z] >>> [apiv2][(partial)header] GET https://serviceusage.googleapis.com/v1/projects/peko-tilastointi/services/cloudresourcemanager.googleapis.com x-goog-quota-user=projects/peko-tilastointi
[debug] [2026-03-05T13:00:16.330Z] <<< [apiv2][status] GET https://serviceusage.googleapis.com/v1/projects/peko-tilastointi/services/cloudresourcemanager.googleapis.com 200
[debug] [2026-03-05T13:00:16.330Z] <<< [apiv2][body] GET https://serviceusage.googleapis.com/v1/projects/peko-tilastointi/services/cloudresourcemanager.googleapis.com [omitted]
[debug] [2026-03-05T13:00:16.331Z] Checked if tokens are valid: true, expires at: 1772719214317
[debug] [2026-03-05T13:00:16.331Z] Checked if tokens are valid: true, expires at: 1772719214317
[debug] [2026-03-05T13:00:16.331Z] >>> [apiv2][query] GET https://cloudresourcemanager.googleapis.com/v1/projects/peko-tilastointi [none]
[debug] [2026-03-05T13:00:17.155Z] <<< [apiv2][status] GET https://cloudresourcemanager.googleapis.com/v1/projects/peko-tilastointi 200
