[debug] [2026-03-05T13:00:09.711Z] [Firebase Plugin] Activating Firebase extension.
[debug] [2026-03-05T13:00:15.753Z] [Firebase Plugin] requireAuthWrapper
[debug] [2026-03-05T13:00:15.755Z] > command requires scopes: ["email","openid","https://www.googleapis.com/auth/cloudplatformprojects.readonly","https://www.googleapis.com/auth/firebase","https://www.googleapis.com/auth/cloud-platform"]
[debug] [2026-03-05T13:00:15.756Z] > authorizing via signed-in user (teemuko.koivisto@gmail.com)
[debug] [2026-03-05T13:00:15.760Z] Checked if tokens are valid: false, expires at: 1747402573547
[debug] [2026-03-05T13:00:15.760Z] Checked if tokens are valid: false, expires at: 1747402573547
[debug] [2026-03-05T13:00:15.761Z] > refreshing access token with scopes: []
[debug] [2026-03-05T13:00:15.762Z] >>> [apiv2][query] POST https://www.googleapis.com/oauth2/v3/token [none]
[debug] [2026-03-05T13:00:15.763Z] >>> [apiv2][body] POST https://www.googleapis.com/oauth2/v3/token [omitted]
[info] [Firebase Plugin] Starting Data Connect toolkit (version 3.1.4) on port 50001
[info] i  dataconnect: downloading dataconnect-emulator-3.1.4.exe... {"metadata":{"emulator":{"name":"dataconnect"},"message":"downloading dataconnect-emulator-3.1.4.exe..."}}
[debug] [2026-03-05T13:00:16.200Z] >>> [apiv2][query] GET https://storage.googleapis.com/firemat-preview-drop/emulator/dataconnect-emulator-windows-amd64-v3.1.4 
[debug] [2026-03-05T13:00:16.292Z] <<< [apiv2][status] POST https://www.googleapis.com/oauth2/v3/token 400
[debug] [2026-03-05T13:00:16.292Z] <<< [apiv2][body] POST https://www.googleapis.com/oauth2/v3/token [omitted]
[debug] [2026-03-05T13:00:16.293Z] [Firebase Plugin] User found:  teemuko.koivisto@gmail.com
[info] [Firebase Plugin] (Core:Project) New user detected, fetching projects
[debug] [2026-03-05T13:00:16.294Z] Checked if tokens are valid: false, expires at: 1747402573547
[debug] [2026-03-05T13:00:16.294Z] Checked if tokens are valid: false, expires at: 1747402573547
[debug] [2026-03-05T13:00:16.294Z] > refreshing access token with scopes: []
[debug] [2026-03-05T13:00:16.294Z] >>> [apiv2][query] POST https://www.googleapis.com/oauth2/v3/token [none]
[debug] [2026-03-05T13:00:16.294Z] >>> [apiv2][body] POST https://www.googleapis.com/oauth2/v3/token [omitted]
[debug] [2026-03-05T13:00:16.349Z] <<< [apiv2][status] POST https://www.googleapis.com/oauth2/v3/token 400
[debug] [2026-03-05T13:00:16.349Z] <<< [apiv2][body] POST https://www.googleapis.com/oauth2/v3/token [omitted]
[debug] [2026-03-05T13:00:16.350Z] >>> [apiv2][query] GET https://firebase.googleapis.com/v1beta1/projects pageSize=1000
[debug] [2026-03-05T13:00:16.513Z] <<< [apiv2][status] GET https://firebase.googleapis.com/v1beta1/projects 401
[debug] [2026-03-05T13:00:16.513Z] <<< [apiv2][body] GET https://firebase.googleapis.com/v1beta1/projects [omitted]
[debug] [2026-03-05T13:00:16.513Z] Got a 401 Unauthenticated error for a call that required authentication. Refreshing tokens.
[debug] [2026-03-05T13:00:16.513Z] Checked if tokens are valid: false, expires at: 1747402573547
[debug] [2026-03-05T13:00:16.513Z] Checked if tokens are valid: false, expires at: 1747402573547
[debug] [2026-03-05T13:00:16.513Z] > refreshing access token with scopes: []
[debug] [2026-03-05T13:00:16.514Z] >>> [apiv2][query] POST https://www.googleapis.com/oauth2/v3/token [none]
[debug] [2026-03-05T13:00:16.514Z] >>> [apiv2][body] POST https://www.googleapis.com/oauth2/v3/token [omitted]
[debug] [2026-03-05T13:00:16.561Z] <<< [apiv2][status] POST https://www.googleapis.com/oauth2/v3/token 400
[debug] [2026-03-05T13:00:16.562Z] <<< [apiv2][body] POST https://www.googleapis.com/oauth2/v3/token [omitted]
[debug] [2026-03-05T13:00:16.562Z] Request to https://firebase.googleapis.com/v1beta1/projects?pageSize=1000 had HTTP Error: 401, Request had invalid authentication credentials. Expected OAuth 2 access token, login cookie or other valid authentication credential. See https://developers.google.com/identity/sign-in/web/devconsole-project.
[debug] [2026-03-05T13:00:16.605Z] <<< [apiv2][status] GET https://storage.googleapis.com/firemat-preview-drop/emulator/dataconnect-emulator-windows-amd64-v3.1.4 200
[debug] [2026-03-05T13:00:16.605Z] <<< [apiv2][body] GET https://storage.googleapis.com/firemat-preview-drop/emulator/dataconnect-emulator-windows-amd64-v3.1.4 [stream]
[debug] [2026-03-05T13:00:21.389Z] 'fdc build' failed with error: Unable to build your Data Connect schema and connectors (exit code 1): E0305 15:00:21.360240   13908 cmd.go:43] Error loading data connect config: could not find dataconnect.yaml in `c:\Users\teemuko\NoBackup\VSCode_projects\peko-tilastointi\dataconnect`
 {"metadata":{"emulator":{"name":"dataconnect"},"message":"'fdc build' failed with error: Unable to build your Data Connect schema and connectors (exit code 1): E0305 15:00:21.360240   13908 cmd.go:43] Error loading data connect config: could not find dataconnect.yaml in `c:\\Users\\teemuko\\NoBackup\\VSCode_projects\\peko-tilastointi\\dataconnect`\n"}}
[debug] [2026-03-05T13:00:21.390Z] Ignoring unsupported arg: auto_download {"metadata":{"emulator":{"name":"dataconnect"},"message":"Ignoring unsupported arg: auto_download"}}
[debug] [2026-03-05T13:00:21.391Z] Ignoring unsupported arg: port {"metadata":{"emulator":{"name":"dataconnect"},"message":"Ignoring unsupported arg: port"}}
[debug] [2026-03-05T13:00:21.391Z] Starting Data Connect Emulator with command {"binary":"C:\\Users\\teemuko\\.cache\\firebase\\emulators\\dataconnect-emulator-3.1.4.exe","args":["--logtostderr","-v=2","dev","--listen=localhost:50001","--config_dir=c:\\Users\\teemuko\\NoBackup\\VSCode_projects\\peko-tilastointi\\dataconnect","--enable_output_schema_extensions=true","--enable_output_generated_sdk=true"],"optionalArgs":["listen","config_dir","enable_output_schema_extensions","enable_output_generated_sdk"],"joinArgs":true,"shell":false,"port":9399} {"metadata":{"emulator":{"name":"dataconnect"},"message":"Starting Data Connect Emulator with command {\"binary\":\"C:\\\\Users\\\\teemuko\\\\.cache\\\\firebase\\\\emulators\\\\dataconnect-emulator-3.1.4.exe\",\"args\":[\"--logtostderr\",\"-v=2\",\"dev\",\"--listen=localhost:50001\",\"--config_dir=c:\\\\Users\\\\teemuko\\\\NoBackup\\\\VSCode_projects\\\\peko-tilastointi\\\\dataconnect\",\"--enable_output_schema_extensions=true\",\"--enable_output_generated_sdk=true\"],\"optionalArgs\":[\"listen\",\"config_dir\",\"enable_output_schema_extensions\",\"enable_output_generated_sdk\"],\"joinArgs\":true,\"shell\":false,\"port\":9399}"}}
[info] i  dataconnect: Data Connect Emulator logging to dataconnect-debug.log {"metadata":{"emulator":{"name":"dataconnect"},"message":"Data Connect Emulator logging to \u001b[1mdataconnect-debug.log\u001b[22m"}}
[debug] [2026-03-05T13:00:21.484Z] E0305 15:00:21.465125   26924 dev.go:83] Failed to load initial config from "c:\\Users\\teemuko\\NoBackup\\VSCode_projects\\peko-tilastointi\\dataconnect": could not find dataconnect.yaml in `c:\Users\teemuko\NoBackup\VSCode_projects\peko-tilastointi\dataconnect`
E0305 15:00:21.466734   26924 watch.go:116] watchAllDir unable to walk dir `c:\Users\teemuko\NoBackup\VSCode_projects\peko-tilastointi\dataconnect`: CreateFile c:\Users\teemuko\NoBackup\VSCode_projects\peko-tilastointi\dataconnect: The system cannot find the file specified.
 {"metadata":{"emulator":{"name":"dataconnect"},"message":"E0305 15:00:21.465125   26924 dev.go:83] Failed to load initial config from \"c:\\\\Users\\\\teemuko\\\\NoBackup\\\\VSCode_projects\\\\peko-tilastointi\\\\dataconnect\": could not find dataconnect.yaml in `c:\\Users\\teemuko\\NoBackup\\VSCode_projects\\peko-tilastointi\\dataconnect`\nE0305 15:00:21.466734   26924 watch.go:116] watchAllDir unable to walk dir `c:\\Users\\teemuko\\NoBackup\\VSCode_projects\\peko-tilastointi\\dataconnect`: CreateFile c:\\Users\\teemuko\\NoBackup\\VSCode_projects\\peko-tilastointi\\dataconnect: The system cannot find the file specified.\n"}}
[debug] [2026-03-05T13:00:21.518Z] I0305 15:00:21.501051   26924 dev.go:104] Listening on address (HTTP + gRPC): 127.0.0.1:50001
 {"metadata":{"emulator":{"name":"dataconnect"},"message":"I0305 15:00:21.501051   26924 dev.go:104] Listening on address (HTTP + gRPC): 127.0.0.1:50001\n"}}
[error] [Firebase Plugin] error:  {}
[debug] [2026-03-05T13:00:31.467Z] E0305 15:00:31.467584   26924 watch.go:40] Failed to load config from "c:\\Users\\teemuko\\NoBackup\\VSCode_projects\\peko-tilastointi\\dataconnect": could not find dataconnect.yaml in `c:\Users\teemuko\NoBackup\VSCode_projects\peko-tilastointi\dataconnect`
 {"metadata":{"emulator":{"name":"dataconnect"},"message":"E0305 15:00:31.467584   26924 watch.go:40] Failed to load config from \"c:\\\\Users\\\\teemuko\\\\NoBackup\\\\VSCode_projects\\\\peko-tilastointi\\\\dataconnect\": could not find dataconnect.yaml in `c:\\Users\\teemuko\\NoBackup\\VSCode_projects\\peko-tilastointi\\dataconnect`\n"}}
[debug] [2026-03-05T13:00:41.467Z] E0305 15:00:41.467675   26924 watch.go:40] Failed to load config from "c:\\Users\\teemuko\\NoBackup\\VSCode_projects\\peko-tilastointi\\dataconnect": could not find dataconnect.yaml in `c:\Users\teemuko\NoBackup\VSCode_projects\peko-tilastointi\dataconnect`
 {"metadata":{"emulator":{"name":"dataconnect"},"message":"E0305 15:00:41.467675   26924 watch.go:40] Failed to load config from \"c:\\\\Users\\\\teemuko\\\\NoBackup\\\\VSCode_projects\\\\peko-tilastointi\\\\dataconnect\": could not find dataconnect.yaml in `c:\\Users\\teemuko\\NoBackup\\VSCode_projects\\peko-tilastointi\\dataconnect`\n"}}
[debug] [2026-03-05T13:00:51.467Z] E0305 15:00:51.467059   26924 watch.go:40] Failed to load config from "c:\\Users\\teemuko\\NoBackup\\VSCode_projects\\peko-tilastointi\\dataconnect": could not find dataconnect.yaml in `c:\Users\teemuko\NoBackup\VSCode_projects\peko-tilastointi\dataconnect`
 {"metadata":{"emulator":{"name":"dataconnect"},"message":"E0305 15:00:51.467059   26924 watch.go:40] Failed to load config from \"c:\\\\Users\\\\teemuko\\\\NoBackup\\\\VSCode_projects\\\\peko-tilastointi\\\\dataconnect\": could not find dataconnect.yaml in `c:\\Users\\teemuko\\NoBackup\\VSCode_projects\\peko-tilastointi\\dataconnect`\n"}}
[debug] [2026-03-05T13:01:01.467Z] E0305 15:01:01.467639   26924 watch.go:40] Failed to load config from "c:\\Users\\teemuko\\NoBackup\\VSCode_projects\\peko-tilastointi\\dataconnect": could not find dataconnect.yaml in `c:\Users\teemuko\NoBackup\VSCode_projects\peko-tilastointi\dataconnect`
 {"metadata":{"emulator":{"name":"dataconnect"},"message":"E0305 15:01:01.467639   26924 watch.go:40] Failed to load config from \"c:\\\\Users\\\\teemuko\\\\NoBackup\\\\VSCode_projects\\\\peko-tilastointi\\\\dataconnect\": could not find dataconnect.yaml in `c:\\Users\\teemuko\\NoBackup\\VSCode_projects\\peko-tilastointi\\dataconnect`\n"}}
[debug] [2026-03-05T13:01:11.469Z] E0305 15:01:11.468341   26924 watch.go:40] Failed to load config from "c:\\Users\\teemuko\\NoBackup\\VSCode_projects\\peko-tilastointi\\dataconnect": could not find dataconnect.yaml in `c:\Users\teemuko\NoBackup\VSCode_projects\peko-tilastointi\dataconnect`
 {"metadata":{"emulator":{"name":"dataconnect"},"message":"E0305 15:01:11.468341   26924 watch.go:40] Failed to load config from \"c:\\\\Users\\\\teemuko\\\\NoBackup\\\\VSCode_projects\\\\peko-tilastointi\\\\dataconnect\": could not find dataconnect.yaml in `c:\\Users\\teemuko\\NoBackup\\VSCode_projects\\peko-tilastointi\\dataconnect`\n"}}
[debug] [2026-03-05T14:40:20.137Z] E0305 16:40:19.985851   26924 watch.go:116] watchAllDir unable to walk dir `c:\Users\teemuko\NoBackup\VSCode_projects\peko-tilastointi\dataconnect`: CreateFile c:\Users\teemuko\NoBackup\VSCode_projects\peko-tilastointi\dataconnect: The system cannot find the file specified.
E0305 16:40:19.987866   26924 watch.go:40] Failed to load config from "c:\\Users\\teemuko\\NoBackup\\VSCode_projects\\peko-tilastointi\\dataconnect": could not find dataconnect.yaml in `c:\Users\teemuko\NoBackup\VSCode_projects\peko-tilastointi\dataconnect`
 {"metadata":{"emulator":{"name":"dataconnect"},"message":"E0305 16:40:19.985851   26924 watch.go:116] watchAllDir unable to walk dir `c:\\Users\\teemuko\\NoBackup\\VSCode_projects\\peko-tilastointi\\dataconnect`: CreateFile c:\\Users\\teemuko\\NoBackup\\VSCode_projects\\peko-tilastointi\\dataconnect: The system cannot find the file specified.\nE0305 16:40:19.987866   26924 watch.go:40] Failed to load config from \"c:\\\\Users\\\\teemuko\\\\NoBackup\\\\VSCode_projects\\\\peko-tilastointi\\\\dataconnect\": could not find dataconnect.yaml in `c:\\Users\\teemuko\\NoBackup\\VSCode_projects\\peko-tilastointi\\dataconnect`\n"}}
[debug] [2026-03-05T14:40:23.432Z] E0305 16:40:21.495678   26924 watch.go:116] watchAllDir unable to walk dir `c:\Users\teemuko\NoBackup\VSCode_projects\peko-tilastointi\dataconnect`: CreateFile c:\Users\teemuko\NoBackup\VSCode_projects\peko-tilastointi\dataconnect: The system cannot find the file specified.
E0305 16:40:21.497692   26924 watch.go:40] Failed to load config from "c:\\Users\\teemuko\\NoBackup\\VSCode_projects\\peko-tilastointi\\dataconnect": could not find dataconnect.yaml in `c:\Users\teemuko\NoBackup\VSCode_projects\peko-tilastointi\dataconnect`
 {"metadata":{"emulator":{"name":"dataconnect"},"message":"E0305 16:40:21.495678   26924 watch.go:116] watchAllDir unable to walk dir `c:\\Users\\teemuko\\NoBackup\\VSCode_projects\\peko-tilastointi\\dataconnect`: CreateFile c:\\Users\\teemuko\\NoBackup\\VSCode_projects\\peko-tilastointi\\dataconnect: The system cannot find the file specified.\nE0305 16:40:21.497692   26924 watch.go:40] Failed to load config from \"c:\\\\Users\\\\teemuko\\\\NoBackup\\\\VSCode_projects\\\\peko-tilastointi\\\\dataconnect\": could not find dataconnect.yaml in `c:\\Users\\teemuko\\NoBackup\\VSCode_projects\\peko-tilastointi\\dataconnect`\n"}}
[debug] [2026-03-05T20:46:15.857Z] E0305 22:46:15.084544   26924 watch.go:116] watchAllDir unable to walk dir `c:\Users\teemuko\NoBackup\VSCode_projects\peko-tilastointi\dataconnect`: CreateFile c:\Users\teemuko\NoBackup\VSCode_projects\peko-tilastointi\dataconnect: The system cannot find the file specified.
E0305 22:46:15.146932   26924 watch.go:40] Failed to load config from "c:\\Users\\teemuko\\NoBackup\\VSCode_projects\\peko-tilastointi\\dataconnect": could not find dataconnect.yaml in `c:\Users\teemuko\NoBackup\VSCode_projects\peko-tilastointi\dataconnect`
 {"metadata":{"emulator":{"name":"dataconnect"},"message":"E0305 22:46:15.084544   26924 watch.go:116] watchAllDir unable to walk dir `c:\\Users\\teemuko\\NoBackup\\VSCode_projects\\peko-tilastointi\\dataconnect`: CreateFile c:\\Users\\teemuko\\NoBackup\\VSCode_projects\\peko-tilastointi\\dataconnect: The system cannot find the file specified.\nE0305 22:46:15.146932   26924 watch.go:40] Failed to load config from \"c:\\\\Users\\\\teemuko\\\\NoBackup\\\\VSCode_projects\\\\peko-tilastointi\\\\dataconnect\": could not find dataconnect.yaml in `c:\\Users\\teemuko\\NoBackup\\VSCode_projects\\peko-tilastointi\\dataconnect`\n"}}
[debug] [2026-03-05T20:46:21.569Z] E0305 22:46:21.468040   26924 watch.go:116] watchAllDir unable to walk dir `c:\Users\teemuko\NoBackup\VSCode_projects\peko-tilastointi\dataconnect`: CreateFile c:\Users\teemuko\NoBackup\VSCode_projects\peko-tilastointi\dataconnect: The system cannot find the file specified.
E0305 22:46:21.468559   26924 watch.go:40] Failed to load config from "c:\\Users\\teemuko\\NoBackup\\VSCode_projects\\peko-tilastointi\\dataconnect": could not find dataconnect.yaml in `c:\Users\teemuko\NoBackup\VSCode_projects\peko-tilastointi\dataconnect`
 {"metadata":{"emulator":{"name":"dataconnect"},"message":"E0305 22:46:21.468040   26924 watch.go:116] watchAllDir unable to walk dir `c:\\Users\\teemuko\\NoBackup\\VSCode_projects\\peko-tilastointi\\dataconnect`: CreateFile c:\\Users\\teemuko\\NoBackup\\VSCode_projects\\peko-tilastointi\\dataconnect: The system cannot find the file specified.\nE0305 22:46:21.468559   26924 watch.go:40] Failed to load config from \"c:\\\\Users\\\\teemuko\\\\NoBackup\\\\VSCode_projects\\\\peko-tilastointi\\\\dataconnect\": could not find dataconnect.yaml in `c:\\Users\\teemuko\\NoBackup\\VSCode_projects\\peko-tilastointi\\dataconnect`\n"}}
[debug] [2026-03-06T07:00:12.197Z] E0306 09:00:11.790733   26924 watch.go:40] Failed to load config from "c:\\Users\\teemuko\\NoBackup\\VSCode_projects\\peko-tilastointi\\dataconnect": could not find dataconnect.yaml in `c:\Users\teemuko\NoBackup\VSCode_projects\peko-tilastointi\dataconnect`
E0306 09:00:11.790733   26924 watch.go:116] watchAllDir unable to walk dir `c:\Users\teemuko\NoBackup\VSCode_projects\peko-tilastointi\dataconnect`: CreateFile c:\Users\teemuko\NoBackup\VSCode_projects\peko-tilastointi\dataconnect: The system cannot find the file specified.
 {"metadata":{"emulator":{"name":"dataconnect"},"message":"E0306 09:00:11.790733   26924 watch.go:40] Failed to load config from \"c:\\\\Users\\\\teemuko\\\\NoBackup\\\\VSCode_projects\\\\peko-tilastointi\\\\dataconnect\": could not find dataconnect.yaml in `c:\\Users\\teemuko\\NoBackup\\VSCode_projects\\peko-tilastointi\\dataconnect`\nE0306 09:00:11.790733   26924 watch.go:116] watchAllDir unable to walk dir `c:\\Users\\teemuko\\NoBackup\\VSCode_projects\\peko-tilastointi\\dataconnect`: CreateFile c:\\Users\\teemuko\\NoBackup\\VSCode_projects\\peko-tilastointi\\dataconnect: The system cannot find the file specified.\n"}}
[debug] [2026-03-06T07:00:21.468Z] E0306 09:00:21.467247   26924 watch.go:116] watchAllDir unable to walk dir `c:\Users\teemuko\NoBackup\VSCode_projects\peko-tilastointi\dataconnect`: CreateFile c:\Users\teemuko\NoBackup\VSCode_projects\peko-tilastointi\dataconnect: The system cannot find the file specified.
E0306 09:00:21.467247   26924 watch.go:40] Failed to load config from "c:\\Users\\teemuko\\NoBackup\\VSCode_projects\\peko-tilastointi\\dataconnect": could not find dataconnect.yaml in `c:\Users\teemuko\NoBackup\VSCode_projects\peko-tilastointi\dataconnect`
 {"metadata":{"emulator":{"name":"dataconnect"},"message":"E0306 09:00:21.467247   26924 watch.go:116] watchAllDir unable to walk dir `c:\\Users\\teemuko\\NoBackup\\VSCode_projects\\peko-tilastointi\\dataconnect`: CreateFile c:\\Users\\teemuko\\NoBackup\\VSCode_projects\\peko-tilastointi\\dataconnect: The system cannot find the file specified.\nE0306 09:00:21.467247   26924 watch.go:40] Failed to load config from \"c:\\\\Users\\\\teemuko\\\\NoBackup\\\\VSCode_projects\\\\peko-tilastointi\\\\dataconnect\": could not find dataconnect.yaml in `c:\\Users\\teemuko\\NoBackup\\VSCode_projects\\peko-tilastointi\\dataconnect`\n"}}
[debug] [2026-03-06T07:00:31.467Z] E0306 09:00:31.467696   26924 watch.go:40] Failed to load config from "c:\\Users\\teemuko\\NoBackup\\VSCode_projects\\peko-tilastointi\\dataconnect": could not find dataconnect.yaml in `c:\Users\teemuko\NoBackup\VSCode_projects\peko-tilastointi\dataconnect`
 {"metadata":{"emulator":{"name":"dataconnect"},"message":"E0306 09:00:31.467696   26924 watch.go:40] Failed to load config from \"c:\\\\Users\\\\teemuko\\\\NoBackup\\\\VSCode_projects\\\\peko-tilastointi\\\\dataconnect\": could not find dataconnect.yaml in `c:\\Users\\teemuko\\NoBackup\\VSCode_projects\\peko-tilastointi\\dataconnect`\n"}}
[debug] [2026-03-06T07:00:41.466Z] E0306 09:00:41.467616   26924 watch.go:40] Failed to load config from "c:\\Users\\teemuko\\NoBackup\\VSCode_projects\\peko-tilastointi\\dataconnect": could not find dataconnect.yaml in `c:\Users\teemuko\NoBackup\VSCode_projects\peko-tilastointi\dataconnect`
 {"metadata":{"emulator":{"name":"dataconnect"},"message":"E0306 09:00:41.467616   26924 watch.go:40] Failed to load config from \"c:\\\\Users\\\\teemuko\\\\NoBackup\\\\VSCode_projects\\\\peko-tilastointi\\\\dataconnect\": could not find dataconnect.yaml in `c:\\Users\\teemuko\\NoBackup\\VSCode_projects\\peko-tilastointi\\dataconnect`\n"}}
[debug] [2026-03-06T07:00:51.467Z] E0306 09:00:51.466923   26924 watch.go:40] Failed to load config from "c:\\Users\\teemuko\\NoBackup\\VSCode_projects\\peko-tilastointi\\dataconnect": could not find dataconnect.yaml in `c:\Users\teemuko\NoBackup\VSCode_projects\peko-tilastointi\dataconnect`
 {"metadata":{"emulator":{"name":"dataconnect"},"message":"E0306 09:00:51.466923   26924 watch.go:40] Failed to load config from \"c:\\\\Users\\\\teemuko\\\\NoBackup\\\\VSCode_projects\\\\peko-tilastointi\\\\dataconnect\": could not find dataconnect.yaml in `c:\\Users\\teemuko\\NoBackup\\VSCode_projects\\peko-tilastointi\\dataconnect`\n"}}
[debug] [2026-03-06T07:01:01.466Z] E0306 09:01:01.466871   26924 watch.go:40] Failed to load config from "c:\\Users\\teemuko\\NoBackup\\VSCode_projects\\peko-tilastointi\\dataconnect": could not find dataconnect.yaml in `c:\Users\teemuko\NoBackup\VSCode_projects\peko-tilastointi\dataconnect`
 {"metadata":{"emulator":{"name":"dataconnect"},"message":"E0306 09:01:01.466871   26924 watch.go:40] Failed to load config from \"c:\\\\Users\\\\teemuko\\\\NoBackup\\\\VSCode_projects\\\\peko-tilastointi\\\\dataconnect\": could not find dataconnect.yaml in `c:\\Users\\teemuko\\NoBackup\\VSCode_projects\\peko-tilastointi\\dataconnect`\n"}}
[debug] [2026-03-06T07:01:11.467Z] E0306 09:01:11.466907   26924 watch.go:40] Failed to load config from "c:\\Users\\teemuko\\NoBackup\\VSCode_projects\\peko-tilastointi\\dataconnect": could not find dataconnect.yaml in `c:\Users\teemuko\NoBackup\VSCode_projects\peko-tilastointi\dataconnect`
 {"metadata":{"emulator":{"name":"dataconnect"},"message":"E0306 09:01:11.466907   26924 watch.go:40] Failed to load config from \"c:\\\\Users\\\\teemuko\\\\NoBackup\\\\VSCode_projects\\\\peko-tilastointi\\\\dataconnect\": could not find dataconnect.yaml in `c:\\Users\\teemuko\\NoBackup\\VSCode_projects\\peko-tilastointi\\dataconnect`\n"}}
[debug] [2026-03-06T07:01:21.467Z] E0306 09:01:21.466837   26924 watch.go:116] watchAllDir unable to walk dir `c:\Users\teemuko\NoBackup\VSCode_projects\peko-tilastointi\dataconnect`: CreateFile c:\Users\teemuko\NoBackup\VSCode_projects\peko-tilastointi\dataconnect: The system cannot find the file specified.
 {"metadata":{"emulator":{"name":"dataconnect"},"message":"E0306 09:01:21.466837   26924 watch.go:116] watchAllDir unable to walk dir `c:\\Users\\teemuko\\NoBackup\\VSCode_projects\\peko-tilastointi\\dataconnect`: CreateFile c:\\Users\\teemuko\\NoBackup\\VSCode_projects\\peko-tilastointi\\dataconnect: The system cannot find the file specified.\n"}}
[debug] [2026-03-06T07:01:21.467Z] E0306 09:01:21.466837   26924 watch.go:40] Failed to load config from "c:\\Users\\teemuko\\NoBackup\\VSCode_projects\\peko-tilastointi\\dataconnect": could not find dataconnect.yaml in `c:\Users\teemuko\NoBackup\VSCode_projects\peko-tilastointi\dataconnect`
 {"metadata":{"emulator":{"name":"dataconnect"},"message":"E0306 09:01:21.466837   26924 watch.go:40] Failed to load config from \"c:\\\\Users\\\\teemuko\\\\NoBackup\\\\VSCode_projects\\\\peko-tilastointi\\\\dataconnect\": could not find dataconnect.yaml in `c:\\Users\\teemuko\\NoBackup\\VSCode_projects\\peko-tilastointi\\dataconnect`\n"}}
[debug] [2026-03-06T07:01:31.467Z] E0306 09:01:31.467177   26924 watch.go:40] Failed to load config from "c:\\Users\\teemuko\\NoBackup\\VSCode_projects\\peko-tilastointi\\dataconnect": could not find dataconnect.yaml in `c:\Users\teemuko\NoBackup\VSCode_projects\peko-tilastointi\dataconnect`
 {"metadata":{"emulator":{"name":"dataconnect"},"message":"E0306 09:01:31.467177   26924 watch.go:40] Failed to load config from \"c:\\\\Users\\\\teemuko\\\\NoBackup\\\\VSCode_projects\\\\peko-tilastointi\\\\dataconnect\": could not find dataconnect.yaml in `c:\\Users\\teemuko\\NoBackup\\VSCode_projects\\peko-tilastointi\\dataconnect`\n"}}
[debug] [2026-03-06T07:01:41.468Z] E0306 09:01:41.467450   26924 watch.go:40] Failed to load config from "c:\\Users\\teemuko\\NoBackup\\VSCode_projects\\peko-tilastointi\\dataconnect": could not find dataconnect.yaml in `c:\Users\teemuko\NoBackup\VSCode_projects\peko-tilastointi\dataconnect`
 {"metadata":{"emulator":{"name":"dataconnect"},"message":"E0306 09:01:41.467450   26924 watch.go:40] Failed to load config from \"c:\\\\Users\\\\teemuko\\\\NoBackup\\\\VSCode_projects\\\\peko-tilastointi\\\\dataconnect\": could not find dataconnect.yaml in `c:\\Users\\teemuko\\NoBackup\\VSCode_projects\\peko-tilastointi\\dataconnect`\n"}}
[debug] [2026-03-06T07:01:51.468Z] E0306 09:01:51.467253   26924 watch.go:40] Failed to load config from "c:\\Users\\teemuko\\NoBackup\\VSCode_projects\\peko-tilastointi\\dataconnect": could not find dataconnect.yaml in `c:\Users\teemuko\NoBackup\VSCode_projects\peko-tilastointi\dataconnect`
 {"metadata":{"emulator":{"name":"dataconnect"},"message":"E0306 09:01:51.467253   26924 watch.go:40] Failed to load config from \"c:\\\\Users\\\\teemuko\\\\NoBackup\\\\VSCode_projects\\\\peko-tilastointi\\\\dataconnect\": could not find dataconnect.yaml in `c:\\Users\\teemuko\\NoBackup\\VSCode_projects\\peko-tilastointi\\dataconnect`\n"}}
[debug] [2026-03-06T07:02:01.467Z] E0306 09:02:01.467068   26924 watch.go:40] Failed to load config from "c:\\Users\\teemuko\\NoBackup\\VSCode_projects\\peko-tilastointi\\dataconnect": could not find dataconnect.yaml in `c:\Users\teemuko\NoBackup\VSCode_projects\peko-tilastointi\dataconnect`
 {"metadata":{"emulator":{"name":"dataconnect"},"message":"E0306 09:02:01.467068   26924 watch.go:40] Failed to load config from \"c:\\\\Users\\\\teemuko\\\\NoBackup\\\\VSCode_projects\\\\peko-tilastointi\\\\dataconnect\": could not find dataconnect.yaml in `c:\\Users\\teemuko\\NoBackup\\VSCode_projects\\peko-tilastointi\\dataconnect`\n"}}
[debug] [2026-03-06T07:02:11.467Z] E0306 09:02:11.467305   26924 watch.go:40] Failed to load config from "c:\\Users\\teemuko\\NoBackup\\VSCode_projects\\peko-tilastointi\\dataconnect": could not find dataconnect.yaml in `c:\Users\teemuko\NoBackup\VSCode_projects\peko-tilastointi\dataconnect`
 {"metadata":{"emulator":{"name":"dataconnect"},"message":"E0306 09:02:11.467305   26924 watch.go:40] Failed to load config from \"c:\\\\Users\\\\teemuko\\\\NoBackup\\\\VSCode_projects\\\\peko-tilastointi\\\\dataconnect\": could not find dataconnect.yaml in `c:\\Users\\teemuko\\NoBackup\\VSCode_projects\\peko-tilastointi\\dataconnect`\n"}}
[debug] [2026-03-06T07:02:21.467Z] E0306 09:02:21.467318   26924 watch.go:116] watchAllDir unable to walk dir `c:\Users\teemuko\NoBackup\VSCode_projects\peko-tilastointi\dataconnect`: CreateFile c:\Users\teemuko\NoBackup\VSCode_projects\peko-tilastointi\dataconnect: The system cannot find the file specified.
 {"metadata":{"emulator":{"name":"dataconnect"},"message":"E0306 09:02:21.467318   26924 watch.go:116] watchAllDir unable to walk dir `c:\\Users\\teemuko\\NoBackup\\VSCode_projects\\peko-tilastointi\\dataconnect`: CreateFile c:\\Users\\teemuko\\NoBackup\\VSCode_projects\\peko-tilastointi\\dataconnect: The system cannot find the file specified.\n"}}
[debug] [2026-03-06T07:02:21.468Z] E0306 09:02:21.467318   26924 watch.go:40] Failed to load config from "c:\\Users\\teemuko\\NoBackup\\VSCode_projects\\peko-tilastointi\\dataconnect": could not find dataconnect.yaml in `c:\Users\teemuko\NoBackup\VSCode_projects\peko-tilastointi\dataconnect`
 {"metadata":{"emulator":{"name":"dataconnect"},"message":"E0306 09:02:21.467318   26924 watch.go:40] Failed to load config from \"c:\\\\Users\\\\teemuko\\\\NoBackup\\\\VSCode_projects\\\\peko-tilastointi\\\\dataconnect\": could not find dataconnect.yaml in `c:\\Users\\teemuko\\NoBackup\\VSCode_projects\\peko-tilastointi\\dataconnect`\n"}}
[debug] [2026-03-06T07:02:31.468Z] E0306 09:02:31.468032   26924 watch.go:40] Failed to load config from "c:\\Users\\teemuko\\NoBackup\\VSCode_projects\\peko-tilastointi\\dataconnect": could not find dataconnect.yaml in `c:\Users\teemuko\NoBackup\VSCode_projects\peko-tilastointi\dataconnect`
 {"metadata":{"emulator":{"name":"dataconnect"},"message":"E0306 09:02:31.468032   26924 watch.go:40] Failed to load config from \"c:\\\\Users\\\\teemuko\\\\NoBackup\\\\VSCode_projects\\\\peko-tilastointi\\\\dataconnect\": could not find dataconnect.yaml in `c:\\Users\\teemuko\\NoBackup\\VSCode_projects\\peko-tilastointi\\dataconnect`\n"}}
[debug] [2026-03-06T07:02:41.468Z] E0306 09:02:41.468054   26924 watch.go:40] Failed to load config from "c:\\Users\\teemuko\\NoBackup\\VSCode_projects\\peko-tilastointi\\dataconnect": could not find dataconnect.yaml in `c:\Users\teemuko\NoBackup\VSCode_projects\peko-tilastointi\dataconnect`
 {"metadata":{"emulator":{"name":"dataconnect"},"message":"E0306 09:02:41.468054   26924 watch.go:40] Failed to load config from \"c:\\\\Users\\\\teemuko\\\\NoBackup\\\\VSCode_projects\\\\peko-tilastointi\\\\dataconnect\": could not find dataconnect.yaml in `c:\\Users\\teemuko\\NoBackup\\VSCode_projects\\peko-tilastointi\\dataconnect`\n"}}
